app/build/outputs/logs/manifest-merger-debug-report.txt
-- Merging decision tree log ---
manifest
ADDED from src/main/AndroidManifest.xml:2:1-29:12
	package
		ADDED from src/main/AndroidManifest.xml:3:4-48
		INJECTED from src/main/AndroidManifest.xml
		INJECTED from src/main/AndroidManifest.xml
	android:versionName
		ADDED from src/main/AndroidManifest.xml:4:28-53
		INJECTED from src/main/AndroidManifest.xml
		INJECTED from src/main/AndroidManifest.xml
	android:versionCode
		ADDED from src/main/AndroidManifest.xml:4:4-27
		INJECTED from src/main/AndroidManifest.xml
		INJECTED from src/main/AndroidManifest.xml
	xmlns:android
		ADDED from src/main/AndroidManifest.xml:2:11-69
application
ADDED from src/main/AndroidManifest.xml:5:4-26:18
	android:label
		ADDED from src/main/AndroidManifest.xml:5:47-79
	android:debuggable
		ADDED from src/main/AndroidManifest.xml:5:80-105
	android:icon
		ADDED from src/main/AndroidManifest.xml:5:17-46
activity#net.johnpwood.android.standuptimer.ConfigureStandupTimer
ADDED from src/main/AndroidManifest.xml:7:7-12:18
	android:label
		ADDED from src/main/AndroidManifest.xml:7:55-87
	android:name
		ADDED from src/main/AndroidManifest.xml:7:17-54
intent-filter#android.intent.action.MAIN+android.intent.category.LAUNCHER
ADDED from src/main/AndroidManifest.xml:8:10-11:26
action#android.intent.action.MAIN
ADDED from src/main/AndroidManifest.xml:9:13-65
	android:name
		ADDED from src/main/AndroidManifest.xml:9:21-62
category#android.intent.category.LAUNCHER
ADDED from src/main/AndroidManifest.xml:10:13-73
	android:name
		ADDED from src/main/AndroidManifest.xml:10:23-70
activity#net.johnpwood.android.standuptimer.About
ADDED from src/main/AndroidManifest.xml:14:7-15:56
	android:label
		ADDED from src/main/AndroidManifest.xml:14:39-74
	android:theme
		ADDED from src/main/AndroidManifest.xml:15:10-53
	android:name
		ADDED from src/main/AndroidManifest.xml:14:17-38
activity#net.johnpwood.android.standuptimer.Help
ADDED from src/main/AndroidManifest.xml:17:7-18:56
	android:label
		ADDED from src/main/AndroidManifest.xml:17:38-72
	android:theme
		ADDED from src/main/AndroidManifest.xml:18:10-53
	android:name
		ADDED from src/main/AndroidManifest.xml:17:17-37
activity#net.johnpwood.android.standuptimer.StandupTimer
ADDED from src/main/AndroidManifest.xml:20:7-81
	android:label
		ADDED from src/main/AndroidManifest.xml:20:46-78
	android:name
		ADDED from src/main/AndroidManifest.xml:20:17-45
activity#net.johnpwood.android.standuptimer.TeamDetails
ADDED from src/main/AndroidManifest.xml:21:7-95
	android:theme
		ADDED from src/main/AndroidManifest.xml:21:45-92
	android:name
		ADDED from src/main/AndroidManifest.xml:21:17-44
activity#net.johnpwood.android.standuptimer.MeetingDetails
ADDED from src/main/AndroidManifest.xml:22:7-90
	android:label
		ADDED from src/main/AndroidManifest.xml:22:48-87
	android:name
		ADDED from src/main/AndroidManifest.xml:22:17-47
activity#net.johnpwood.android.standuptimer.Prefs
ADDED from src/main/AndroidManifest.xml:23:7-80
	android:label
		ADDED from src/main/AndroidManifest.xml:23:39-77
	android:name
		ADDED from src/main/AndroidManifest.xml:23:17-38
activity#net.johnpwood.android.standuptimer.TeamList
ADDED from src/main/AndroidManifest.xml:24:7-79
	android:label
		ADDED from src/main/AndroidManifest.xml:24:42-76
	android:name
		ADDED from src/main/AndroidManifest.xml:24:17-41
uses-permission#android.permission.WAKE_LOCK
ADDED from src/main/AndroidManifest.xml:27:4-67
	android:name
		ADDED from src/main/AndroidManifest.xml:27:21-64
supports-screens
ADDED from src/main/AndroidManifest.xml:28:4-53
	android:smallScreens
		ADDED from src/main/AndroidManifest.xml:28:22-50
uses-sdk
INJECTED from src/main/AndroidManifest.xml reason: use-sdk injection requested
	android:targetSdkVersion
		INJECTED from src/main/AndroidManifest.xml
		INJECTED from src/main/AndroidManifest.xml
	android:minSdkVersion
		INJECTED from src/main/AndroidManifest.xml
		INJECTED from src/main/AndroidManifest.xml